<?xml version="1.0" encoding="UTF-8"?>
<!-- Generated by org.testng.reporters.JUnitXMLReporter -->
<testsuite ignored="0" hostname="Asriths-MacBook-Air.local" failures="0" tests="6" name="Default test" time="152.236" errors="0" timestamp="2024-05-31T14:30:53 IST">
  <testcase classname="MSPlaywright.PWBasic.KvkAppsLogin" name="FailedLoginwithUnregisteredUsername" time="17.424"/>
  <testcase classname="MSPlaywright.PWBasic.KvkAppsLogin" name="testFailedLoginWithIncorrectPassword" time="12.603"/>
  <testcase classname="MSPlaywright.PWBasic.KvkAppsLogin" name="testInvalidLoginWithOnlyPasswordFilled" time="13.284"/>
  <testcase classname="MSPlaywright.PWBasic.KvkAppsLogin" name="testInvalidLoginWithOnlyUsernameFilled" time="13.083"/>
  <testcase classname="MSPlaywright.PWBasic.KvkAppsLogin" name="testSuccessfulLogin" time="38.279"/>
  <testcase classname="MSPlaywright.PWBasic.KvkAppsLogin" name="testSuccessfulLoginAndLogout" time="50.484"/>
</testsuite> <!-- Default test -->
