<?xml version="1.0" encoding="UTF-8"?>
<testng-results ignored="0" total="6" passed="6" failed="0" skipped="0">
  <reporter-output>
  </reporter-output>
  <suite started-at="2024-05-31T14:28:21 IST" name="Default suite" finished-at="2024-05-31T14:30:53 IST" duration-ms="152236">
    <groups>
    </groups>
    <test started-at="2024-05-31T14:28:21 IST" name="Default test" finished-at="2024-05-31T14:30:53 IST" duration-ms="152236">
      <class name="MSPlaywright.PWBasic.KvkAppsLogin">
        <test-method is-config="true" signature="setup()[pri:0, instance:MSPlaywright.PWBasic.KvkAppsLogin@1d119efb]" started-at="2024-05-31T14:28:21 IST" name="setup" finished-at="2024-05-31T14:28:28 IST" duration-ms="6911" status="PASS">
          <reporter-output>
          </reporter-output>
        </test-method> <!-- setup -->
        <test-method signature="FailedLoginwithUnregisteredUsername()[pri:0, instance:MSPlaywright.PWBasic.KvkAppsLogin@1d119efb]" started-at="2024-05-31T14:28:28 IST" name="FailedLoginwithUnregisteredUsername" finished-at="2024-05-31T14:28:45 IST" duration-ms="17424" status="PASS">
          <reporter-output>
          </reporter-output>
        </test-method> <!-- FailedLoginwithUnregisteredUsername -->
        <test-method signature="testFailedLoginWithIncorrectPassword()[pri:0, instance:MSPlaywright.PWBasic.KvkAppsLogin@1d119efb]" started-at="2024-05-31T14:28:45 IST" name="testFailedLoginWithIncorrectPassword" finished-at="2024-05-31T14:28:58 IST" duration-ms="12603" status="PASS">
          <reporter-output>
          </reporter-output>
        </test-method> <!-- testFailedLoginWithIncorrectPassword -->
        <test-method signature="testInvalidLoginWithOnlyPasswordFilled()[pri:0, instance:MSPlaywright.PWBasic.KvkAppsLogin@1d119efb]" started-at="2024-05-31T14:28:58 IST" name="testInvalidLoginWithOnlyPasswordFilled" finished-at="2024-05-31T14:29:11 IST" duration-ms="13284" status="PASS">
          <reporter-output>
          </reporter-output>
        </test-method> <!-- testInvalidLoginWithOnlyPasswordFilled -->
        <test-method signature="testInvalidLoginWithOnlyUsernameFilled()[pri:0, instance:MSPlaywright.PWBasic.KvkAppsLogin@1d119efb]" started-at="2024-05-31T14:29:11 IST" name="testInvalidLoginWithOnlyUsernameFilled" finished-at="2024-05-31T14:29:24 IST" duration-ms="13083" status="PASS">
          <reporter-output>
          </reporter-output>
        </test-method> <!-- testInvalidLoginWithOnlyUsernameFilled -->
        <test-method signature="testSuccessfulLogin()[pri:0, instance:MSPlaywright.PWBasic.KvkAppsLogin@1d119efb]" started-at="2024-05-31T14:29:24 IST" name="testSuccessfulLogin" finished-at="2024-05-31T14:30:02 IST" duration-ms="38279" status="PASS">
          <reporter-output>
          </reporter-output>
        </test-method> <!-- testSuccessfulLogin -->
        <test-method signature="testSuccessfulLoginAndLogout()[pri:0, instance:MSPlaywright.PWBasic.KvkAppsLogin@1d119efb]" started-at="2024-05-31T14:30:02 IST" name="testSuccessfulLoginAndLogout" finished-at="2024-05-31T14:30:53 IST" duration-ms="50484" status="PASS">
          <reporter-output>
          </reporter-output>
        </test-method> <!-- testSuccessfulLoginAndLogout -->
        <test-method is-config="true" signature="teardown()[pri:0, instance:MSPlaywright.PWBasic.KvkAppsLogin@1d119efb]" started-at="2024-05-31T14:30:53 IST" name="teardown" finished-at="2024-05-31T14:30:53 IST" duration-ms="144" status="PASS">
          <reporter-output>
          </reporter-output>
        </test-method> <!-- teardown -->
      </class> <!-- MSPlaywright.PWBasic.KvkAppsLogin -->
    </test> <!-- Default test -->
  </suite> <!-- Default suite -->
</testng-results>
